Testing these models:  ['svm', 'navie_bayes', 'random_forest', 'logistic_regression', 'k_nearest_neighbors', 'decision_tree']
******************************************************************************************
Using svm model to train and predict the data
================================================================================
testing epoch  1
Classification report for classifier svm:
             precision    recall  f1-score   support

         -1       0.50      1.00      0.67         4
          1       0.00      0.00      0.00         4

avg / total       0.25      0.50      0.33         8


model accuracy:  0.5
--------------------------------------------------------------------------------
================================================================================
testing epoch  2
Classification report for classifier svm:
             precision    recall  f1-score   support

         -1       0.50      1.00      0.67         4
          1       0.00      0.00      0.00         4

avg / total       0.25      0.50      0.33         8


model accuracy:  0.5
--------------------------------------------------------------------------------
================================================================================
testing epoch  3
Classification report for classifier svm:
             precision    recall  f1-score   support

         -1       0.50      1.00      0.67         4
          1       0.00      0.00      0.00         4

avg / total       0.25      0.50      0.33         8


model accuracy:  0.5
--------------------------------------------------------------------------------
Using navie_bayes model to train and predict the data
================================================================================
testing epoch  1
Classification report for classifier navie_bayes:
             precision    recall  f1-score   support

         -1       0.50      0.25      0.33         4
          1       0.50      0.75      0.60         4

avg / total       0.50      0.50      0.47         8


model accuracy:  0.5
--------------------------------------------------------------------------------
================================================================================
testing epoch  2
Classification report for classifier navie_bayes:
             precision    recall  f1-score   support

         -1       0.50      0.25      0.33         4
          1       0.50      0.75      0.60         4

avg / total       0.50      0.50      0.47         8


model accuracy:  0.5
--------------------------------------------------------------------------------
================================================================================
testing epoch  3
Classification report for classifier navie_bayes:
             precision    recall  f1-score   support

         -1       0.50      0.25      0.33         4
          1       0.50      0.75      0.60         4

avg / total       0.50      0.50      0.47         8


model accuracy:  0.5
--------------------------------------------------------------------------------
Using random_forest model to train and predict the data
================================================================================
testing epoch  1
Classification report for classifier random_forest:
             precision    recall  f1-score   support

         -1       0.33      0.25      0.29         4
          1       0.40      0.50      0.44         4

avg / total       0.37      0.38      0.37         8


model accuracy:  0.375
--------------------------------------------------------------------------------
================================================================================
testing epoch  2
Classification report for classifier random_forest:
             precision    recall  f1-score   support

         -1       0.60      0.75      0.67         4
          1       0.67      0.50      0.57         4

avg / total       0.63      0.62      0.62         8


model accuracy:  0.625
--------------------------------------------------------------------------------
================================================================================
testing epoch  3
Classification report for classifier random_forest:
             precision    recall  f1-score   support

         -1       0.40      0.50      0.44         4
          1       0.33      0.25      0.29         4

avg / total       0.37      0.38      0.37         8


model accuracy:  0.375
--------------------------------------------------------------------------------
Using logistic_regression model to train and predict the data
================================================================================
testing epoch  1
Classification report for classifier logistic_regression:
             precision    recall  f1-score   support

         -1       0.50      1.00      0.67         4
          1       0.00      0.00      0.00         4

avg / total       0.25      0.50      0.33         8


model accuracy:  0.5
--------------------------------------------------------------------------------
================================================================================
testing epoch  2
Classification report for classifier logistic_regression:
             precision    recall  f1-score   support

         -1       0.50      1.00      0.67         4
          1       0.00      0.00      0.00         4

avg / total       0.25      0.50      0.33         8


model accuracy:  0.5
--------------------------------------------------------------------------------
================================================================================
testing epoch  3
Classification report for classifier logistic_regression:
             precision    recall  f1-score   support

         -1       0.50      1.00      0.67         4
          1       0.00      0.00      0.00         4

avg / total       0.25      0.50      0.33         8


model accuracy:  0.5
--------------------------------------------------------------------------------
Using k_nearest_neighbors model to train and predict the data
================================================================================
testing epoch  1
Classification report for classifier k_nearest_neighbors:
             precision    recall  f1-score   support

         -1       0.75      0.75      0.75         4
          1       0.75      0.75      0.75         4

avg / total       0.75      0.75      0.75         8


model accuracy:  0.75
--------------------------------------------------------------------------------
================================================================================
testing epoch  2
Classification report for classifier k_nearest_neighbors:
             precision    recall  f1-score   support

         -1       0.75      0.75      0.75         4
          1       0.75      0.75      0.75         4

avg / total       0.75      0.75      0.75         8


model accuracy:  0.75
--------------------------------------------------------------------------------
================================================================================
testing epoch  3
Classification report for classifier k_nearest_neighbors:
             precision    recall  f1-score   support

         -1       0.75      0.75      0.75         4
          1       0.75      0.75      0.75         4

avg / total       0.75      0.75      0.75         8


model accuracy:  0.75
--------------------------------------------------------------------------------
Using decision_tree model to train and predict the data
================================================================================
testing epoch  1
Classification report for classifier decision_tree:
             precision    recall  f1-score   support

         -1       0.50      0.75      0.60         4
          1       0.50      0.25      0.33         4

avg / total       0.50      0.50      0.47         8


model accuracy:  0.5
--------------------------------------------------------------------------------
================================================================================
testing epoch  2
Classification report for classifier decision_tree:
             precision    recall  f1-score   support

         -1       0.40      0.50      0.44         4
          1       0.33      0.25      0.29         4

avg / total       0.37      0.38      0.37         8


model accuracy:  0.375
--------------------------------------------------------------------------------
================================================================================
testing epoch  3
Classification report for classifier decision_tree:
             precision    recall  f1-score   support

         -1       0.40      0.50      0.44         4
          1       0.33      0.25      0.29         4

avg / total       0.37      0.38      0.37         8


model accuracy:  0.375
--------------------------------------------------------------------------------
Testing these models:  ['navie_bayes', 'random_forest', 'logistic_regression', 'k_nearest_neighbors', 'decision_tree']
Using ensemble techniques to predict the stock price movement.
******************************************************************************************
ensemble epoch  1
================================================================================
Classification report for classifier ensemble test accuracy: :
             precision    recall  f1-score   support

         -1       0.67      1.00      0.80         4
          1       1.00      0.50      0.67         4

avg / total       0.83      0.75      0.73         8


model accuracy:  0.75
--------------------------------------------------------------------------------
ensemble epoch  2
================================================================================
Classification report for classifier ensemble test accuracy: :
             precision    recall  f1-score   support

         -1       0.60      0.75      0.67         4
          1       0.67      0.50      0.57         4

avg / total       0.63      0.62      0.62         8


model accuracy:  0.625
--------------------------------------------------------------------------------
ensemble epoch  3
================================================================================
Classification report for classifier ensemble test accuracy: :
             precision    recall  f1-score   support

         -1       0.60      0.75      0.67         4
          1       0.67      0.50      0.57         4

avg / total       0.63      0.62      0.62         8


model accuracy:  0.625
--------------------------------------------------------------------------------
Testing these models:  ['svm', 'navie_bayes', 'random_forest', 'logistic_regression', 'k_nearest_neighbors', 'decision_tree']
Using k-Fold Cross-Validation techniques to predict the stock price movement.

********************************************************************************
Using svm model to train and predict the data
================================================================================
cv_scores list:  [0.6        0.6        0.6        0.5        0.5        0.5
 0.66666667 0.66666667 0.66666667 0.66666667]
cv_scores mean: 0.5966666666666667
--------------------------------------------------------------------------------
Using navie_bayes model to train and predict the data
================================================================================
cv_scores list:  [0.4        0.4        0.6        0.75       0.75       1.
 1.         0.33333333 0.33333333 0.66666667]
cv_scores mean: 0.6233333333333333
--------------------------------------------------------------------------------
Using random_forest model to train and predict the data
================================================================================
cv_scores list:  [0.4        0.4        0.4        0.75       0.75       0.5
 0.33333333 0.33333333 0.66666667 0.33333333]
cv_scores mean: 0.48666666666666664
--------------------------------------------------------------------------------
Using logistic_regression model to train and predict the data
================================================================================
cv_scores list:  [0.6        0.2        0.6        0.5        0.5        0.25
 0.66666667 0.66666667 0.66666667 0.33333333]
cv_scores mean: 0.49833333333333335
--------------------------------------------------------------------------------
Using k_nearest_neighbors model to train and predict the data
================================================================================
cv_scores list:  [0.2        0.2        0.6        0.75       0.75       0.5
 1.         0.         1.         0.66666667]
cv_scores mean: 0.5666666666666667
--------------------------------------------------------------------------------
Using decision_tree model to train and predict the data
================================================================================
cv_scores list:  [0.2        0.2        0.6        1.         1.         0.75
 0.33333333 0.33333333 0.66666667 0.66666667]
cv_scores mean: 0.575
--------------------------------------------------------------------------------
Testing these models:  ['navie_bayes', 'random_forest', 'logistic_regression', 'k_nearest_neighbors', 'decision_tree']
Using ensemble techniques to predict the stock price movement.
********************************************************************************
cv_scores list:  [1.0, 0.25, 0.5, 1.0, 0.5, 1.0, 0.5, 0.25, 0.5, 1.0]
cv_scores mean: 0.68
--------------------------------------------------------------------------------
