Testing these models:  ['svm', 'navie_bayes', 'random_forest', 'logistic_regression', 'k_nearest_neighbors', 'decision_tree']
******************************************************************************************
Using svm model to train and predict the data
================================================================================
testing epoch  1
Classification report for classifier svm:
             precision    recall  f1-score   support

         -1       0.00      0.00      0.00         3
          1       0.62      1.00      0.77         5

avg / total       0.39      0.62      0.48         8


model accuracy:  0.625
--------------------------------------------------------------------------------
================================================================================
testing epoch  2
Classification report for classifier svm:
             precision    recall  f1-score   support

         -1       0.00      0.00      0.00         3
          1       0.62      1.00      0.77         5

avg / total       0.39      0.62      0.48         8


model accuracy:  0.625
--------------------------------------------------------------------------------
================================================================================
testing epoch  3
Classification report for classifier svm:
             precision    recall  f1-score   support

         -1       0.00      0.00      0.00         3
          1       0.62      1.00      0.77         5

avg / total       0.39      0.62      0.48         8


model accuracy:  0.625
--------------------------------------------------------------------------------
Using navie_bayes model to train and predict the data
================================================================================
testing epoch  1
Classification report for classifier navie_bayes:
             precision    recall  f1-score   support

         -1       0.00      0.00      0.00         3
          1       0.57      0.80      0.67         5

avg / total       0.36      0.50      0.42         8


model accuracy:  0.5
--------------------------------------------------------------------------------
================================================================================
testing epoch  2
Classification report for classifier navie_bayes:
             precision    recall  f1-score   support

         -1       0.00      0.00      0.00         3
          1       0.57      0.80      0.67         5

avg / total       0.36      0.50      0.42         8


model accuracy:  0.5
--------------------------------------------------------------------------------
================================================================================
testing epoch  3
Classification report for classifier navie_bayes:
             precision    recall  f1-score   support

         -1       0.00      0.00      0.00         3
          1       0.57      0.80      0.67         5

avg / total       0.36      0.50      0.42         8


model accuracy:  0.5
--------------------------------------------------------------------------------
Using random_forest model to train and predict the data
================================================================================
testing epoch  1
Classification report for classifier random_forest:
             precision    recall  f1-score   support

         -1       0.50      0.67      0.57         3
          1       0.75      0.60      0.67         5

avg / total       0.66      0.62      0.63         8


model accuracy:  0.625
--------------------------------------------------------------------------------
================================================================================
testing epoch  2
Classification report for classifier random_forest:
             precision    recall  f1-score   support

         -1       0.40      0.67      0.50         3
          1       0.67      0.40      0.50         5

avg / total       0.57      0.50      0.50         8


model accuracy:  0.5
--------------------------------------------------------------------------------
================================================================================
testing epoch  3
Classification report for classifier random_forest:
             precision    recall  f1-score   support

         -1       0.50      0.67      0.57         3
          1       0.75      0.60      0.67         5

avg / total       0.66      0.62      0.63         8


model accuracy:  0.625
--------------------------------------------------------------------------------
Using logistic_regression model to train and predict the data
================================================================================
testing epoch  1
Classification report for classifier logistic_regression:
             precision    recall  f1-score   support

         -1       0.50      0.33      0.40         3
          1       0.67      0.80      0.73         5

avg / total       0.60      0.62      0.60         8


model accuracy:  0.625
--------------------------------------------------------------------------------
================================================================================
testing epoch  2
Classification report for classifier logistic_regression:
             precision    recall  f1-score   support

         -1       0.50      0.33      0.40         3
          1       0.67      0.80      0.73         5

avg / total       0.60      0.62      0.60         8


model accuracy:  0.625
--------------------------------------------------------------------------------
================================================================================
testing epoch  3
Classification report for classifier logistic_regression:
             precision    recall  f1-score   support

         -1       0.50      0.33      0.40         3
          1       0.67      0.80      0.73         5

avg / total       0.60      0.62      0.60         8


model accuracy:  0.625
--------------------------------------------------------------------------------
Using k_nearest_neighbors model to train and predict the data
================================================================================
testing epoch  1
Classification report for classifier k_nearest_neighbors:
             precision    recall  f1-score   support

         -1       1.00      0.33      0.50         3
          1       0.71      1.00      0.83         5

avg / total       0.82      0.75      0.71         8


model accuracy:  0.75
--------------------------------------------------------------------------------
================================================================================
testing epoch  2
Classification report for classifier k_nearest_neighbors:
             precision    recall  f1-score   support

         -1       1.00      0.33      0.50         3
          1       0.71      1.00      0.83         5

avg / total       0.82      0.75      0.71         8


model accuracy:  0.75
--------------------------------------------------------------------------------
================================================================================
testing epoch  3
Classification report for classifier k_nearest_neighbors:
             precision    recall  f1-score   support

         -1       1.00      0.33      0.50         3
          1       0.71      1.00      0.83         5

avg / total       0.82      0.75      0.71         8


model accuracy:  0.75
--------------------------------------------------------------------------------
Using decision_tree model to train and predict the data
================================================================================
testing epoch  1
Classification report for classifier decision_tree:
             precision    recall  f1-score   support

         -1       0.50      0.33      0.40         3
          1       0.67      0.80      0.73         5

avg / total       0.60      0.62      0.60         8


model accuracy:  0.625
--------------------------------------------------------------------------------
================================================================================
testing epoch  2
Classification report for classifier decision_tree:
             precision    recall  f1-score   support

         -1       0.50      0.67      0.57         3
          1       0.75      0.60      0.67         5

avg / total       0.66      0.62      0.63         8


model accuracy:  0.625
--------------------------------------------------------------------------------
================================================================================
testing epoch  3
Classification report for classifier decision_tree:
             precision    recall  f1-score   support

         -1       0.50      0.67      0.57         3
          1       0.75      0.60      0.67         5

avg / total       0.66      0.62      0.63         8


model accuracy:  0.625
--------------------------------------------------------------------------------
Testing these models:  ['navie_bayes', 'random_forest', 'logistic_regression', 'k_nearest_neighbors', 'decision_tree']
Using ensemble techniques to predict the stock price movement.
******************************************************************************************
ensemble epoch  1
================================================================================
Classification report for classifier ensemble test accuracy: :
             precision    recall  f1-score   support

         -1       0.50      0.33      0.40         3
          1       0.67      0.80      0.73         5

avg / total       0.60      0.62      0.60         8


model accuracy:  0.625
--------------------------------------------------------------------------------
ensemble epoch  2
================================================================================
Classification report for classifier ensemble test accuracy: :
             precision    recall  f1-score   support

         -1       0.50      0.33      0.40         3
          1       0.67      0.80      0.73         5

avg / total       0.60      0.62      0.60         8


model accuracy:  0.625
--------------------------------------------------------------------------------
ensemble epoch  3
================================================================================
Classification report for classifier ensemble test accuracy: :
             precision    recall  f1-score   support

         -1       0.50      0.33      0.40         3
          1       0.67      0.80      0.73         5

avg / total       0.60      0.62      0.60         8


model accuracy:  0.625
--------------------------------------------------------------------------------
Testing these models:  ['svm', 'navie_bayes', 'random_forest', 'logistic_regression', 'k_nearest_neighbors', 'decision_tree']
Using k-Fold Cross-Validation techniques to predict the stock price movement.

********************************************************************************
Using svm model to train and predict the data
================================================================================
cv_scores list:  [0.6        0.6        0.5        0.5        0.5        0.5
 0.5        0.5        0.66666667 0.66666667]
cv_scores mean: 0.5533333333333335
--------------------------------------------------------------------------------
Using navie_bayes model to train and predict the data
================================================================================
cv_scores list:  [0.8        0.6        0.75       0.75       0.5        0.5
 0.75       0.5        0.33333333 0.33333333]
cv_scores mean: 0.5816666666666667
--------------------------------------------------------------------------------
Using random_forest model to train and predict the data
================================================================================
cv_scores list:  [0.8        0.6        0.5        0.75       0.5        0.75
 0.75       0.75       0.33333333 0.66666667]
cv_scores mean: 0.64
--------------------------------------------------------------------------------
Using logistic_regression model to train and predict the data
================================================================================
cv_scores list:  [0.8        0.6        0.75       0.75       0.5        0.25
 0.5        0.5        0.66666667 0.66666667]
cv_scores mean: 0.5983333333333334
--------------------------------------------------------------------------------
Using k_nearest_neighbors model to train and predict the data
================================================================================
cv_scores list:  [1.   0.6  0.75 0.75 0.75 0.75 0.5  0.75 1.   1.  ]
cv_scores mean: 0.7849999999999999
--------------------------------------------------------------------------------
Using decision_tree model to train and predict the data
================================================================================
cv_scores list:  [0.6        0.6        0.75       0.75       0.5        0.75
 0.5        0.25       0.66666667 0.66666667]
cv_scores mean: 0.6033333333333334
--------------------------------------------------------------------------------
Testing these models:  ['navie_bayes', 'random_forest', 'logistic_regression', 'k_nearest_neighbors', 'decision_tree']
Using ensemble techniques to predict the stock price movement.
********************************************************************************
cv_scores list:  [0.75, 0.75, 1.0, 0.75, 0.45, 0.75, 0.5, 0.75, 0.75, 0.5]
cv_scores mean: 0.76
--------------------------------------------------------------------------------
