Testing these models:  ['svm', 'navie_bayes', 'random_forest', 'logistic_regression', 'k_nearest_neighbors', 'decision_tree']
******************************************************************************************
Using svm model to train and predict the data
================================================================================
testing epoch  1
Classification report for classifier svm:
             precision    recall  f1-score   support

         -1       0.56      1.00      0.71         5
          1       0.00      0.00      0.00         4

avg / total       0.31      0.56      0.40         9


model accuracy:  0.5555555555555556
--------------------------------------------------------------------------------
================================================================================
testing epoch  2
Classification report for classifier svm:
             precision    recall  f1-score   support

         -1       0.56      1.00      0.71         5
          1       0.00      0.00      0.00         4

avg / total       0.31      0.56      0.40         9


model accuracy:  0.5555555555555556
--------------------------------------------------------------------------------
================================================================================
testing epoch  3
Classification report for classifier svm:
             precision    recall  f1-score   support

         -1       0.56      1.00      0.71         5
          1       0.00      0.00      0.00         4

avg / total       0.31      0.56      0.40         9


model accuracy:  0.5555555555555556
--------------------------------------------------------------------------------
Using navie_bayes model to train and predict the data
================================================================================
testing epoch  1
Classification report for classifier navie_bayes:
             precision    recall  f1-score   support

         -1       0.50      0.40      0.44         5
          1       0.40      0.50      0.44         4

avg / total       0.46      0.44      0.44         9


model accuracy:  0.4444444444444444
--------------------------------------------------------------------------------
================================================================================
testing epoch  2
Classification report for classifier navie_bayes:
             precision    recall  f1-score   support

         -1       0.50      0.40      0.44         5
          1       0.40      0.50      0.44         4

avg / total       0.46      0.44      0.44         9


model accuracy:  0.4444444444444444
--------------------------------------------------------------------------------
================================================================================
testing epoch  3
Classification report for classifier navie_bayes:
             precision    recall  f1-score   support

         -1       0.50      0.40      0.44         5
          1       0.40      0.50      0.44         4

avg / total       0.46      0.44      0.44         9


model accuracy:  0.4444444444444444
--------------------------------------------------------------------------------
Using random_forest model to train and predict the data
================================================================================
testing epoch  1
Classification report for classifier random_forest:
             precision    recall  f1-score   support

         -1       0.50      0.80      0.62         5
          1       0.00      0.00      0.00         4

avg / total       0.28      0.44      0.34         9


model accuracy:  0.4444444444444444
--------------------------------------------------------------------------------
================================================================================
testing epoch  2
Classification report for classifier random_forest:
             precision    recall  f1-score   support

         -1       0.50      0.80      0.62         5
          1       0.00      0.00      0.00         4

avg / total       0.28      0.44      0.34         9


model accuracy:  0.4444444444444444
--------------------------------------------------------------------------------
================================================================================
testing epoch  3
Classification report for classifier random_forest:
             precision    recall  f1-score   support

         -1       0.56      1.00      0.71         5
          1       0.00      0.00      0.00         4

avg / total       0.31      0.56      0.40         9


model accuracy:  0.5555555555555556
--------------------------------------------------------------------------------
Using logistic_regression model to train and predict the data
================================================================================
testing epoch  1
Classification report for classifier logistic_regression:
             precision    recall  f1-score   support

         -1       0.57      0.80      0.67         5
          1       0.50      0.25      0.33         4

avg / total       0.54      0.56      0.52         9


model accuracy:  0.5555555555555556
--------------------------------------------------------------------------------
================================================================================
testing epoch  2
Classification report for classifier logistic_regression:
             precision    recall  f1-score   support

         -1       0.57      0.80      0.67         5
          1       0.50      0.25      0.33         4

avg / total       0.54      0.56      0.52         9


model accuracy:  0.5555555555555556
--------------------------------------------------------------------------------
================================================================================
testing epoch  3
Classification report for classifier logistic_regression:
             precision    recall  f1-score   support

         -1       0.57      0.80      0.67         5
          1       0.50      0.25      0.33         4

avg / total       0.54      0.56      0.52         9


model accuracy:  0.5555555555555556
--------------------------------------------------------------------------------
Using k_nearest_neighbors model to train and predict the data
================================================================================
testing epoch  1
Classification report for classifier k_nearest_neighbors:
             precision    recall  f1-score   support

         -1       0.50      0.20      0.29         5
          1       0.43      0.75      0.55         4

avg / total       0.47      0.44      0.40         9


model accuracy:  0.4444444444444444
--------------------------------------------------------------------------------
================================================================================
testing epoch  2
Classification report for classifier k_nearest_neighbors:
             precision    recall  f1-score   support

         -1       0.50      0.20      0.29         5
          1       0.43      0.75      0.55         4

avg / total       0.47      0.44      0.40         9


model accuracy:  0.4444444444444444
--------------------------------------------------------------------------------
================================================================================
testing epoch  3
Classification report for classifier k_nearest_neighbors:
             precision    recall  f1-score   support

         -1       0.50      0.20      0.29         5
          1       0.43      0.75      0.55         4

avg / total       0.47      0.44      0.40         9


model accuracy:  0.4444444444444444
--------------------------------------------------------------------------------
Using decision_tree model to train and predict the data
================================================================================
testing epoch  1
Classification report for classifier decision_tree:
             precision    recall  f1-score   support

         -1       0.43      0.60      0.50         5
          1       0.00      0.00      0.00         4

avg / total       0.24      0.33      0.28         9


model accuracy:  0.3333333333333333
--------------------------------------------------------------------------------
================================================================================
testing epoch  2
Classification report for classifier decision_tree:
             precision    recall  f1-score   support

         -1       0.43      0.60      0.50         5
          1       0.00      0.00      0.00         4

avg / total       0.24      0.33      0.28         9


model accuracy:  0.3333333333333333
--------------------------------------------------------------------------------
================================================================================
testing epoch  3
Classification report for classifier decision_tree:
             precision    recall  f1-score   support

         -1       0.43      0.60      0.50         5
          1       0.00      0.00      0.00         4

avg / total       0.24      0.33      0.28         9


model accuracy:  0.3333333333333333
--------------------------------------------------------------------------------
Testing these models:  ['navie_bayes', 'random_forest', 'logistic_regression', 'k_nearest_neighbors', 'decision_tree']
Using ensemble techniques to predict the stock price movement.
******************************************************************************************
ensemble epoch  1
================================================================================
Classification report for classifier ensemble test accuracy: :
             precision    recall  f1-score   support

         -1       0.50      0.60      0.55         5
          1       0.33      0.25      0.29         4

avg / total       0.43      0.44      0.43         9


model accuracy:  0.4444444444444444
--------------------------------------------------------------------------------
ensemble epoch  2
================================================================================
Classification report for classifier ensemble test accuracy: :
             precision    recall  f1-score   support

         -1       0.50      0.60      0.55         5
          1       0.33      0.25      0.29         4

avg / total       0.43      0.44      0.43         9


model accuracy:  0.4444444444444444
--------------------------------------------------------------------------------
ensemble epoch  3
================================================================================
Classification report for classifier ensemble test accuracy: :
             precision    recall  f1-score   support

         -1       0.50      0.60      0.55         5
          1       0.33      0.25      0.29         4

avg / total       0.43      0.44      0.43         9


model accuracy:  0.4444444444444444
--------------------------------------------------------------------------------
Testing these models:  ['svm', 'navie_bayes', 'random_forest', 'logistic_regression', 'k_nearest_neighbors', 'decision_tree']
Using k-Fold Cross-Validation techniques to predict the stock price movement.

********************************************************************************
Using svm model to train and predict the data
================================================================================
cv_scores list:  [0.6        0.6        0.6        0.5        0.5        0.5
 0.5        0.5        0.66666667 0.66666667]
cv_scores mean: 0.5633333333333334
--------------------------------------------------------------------------------
Using navie_bayes model to train and predict the data
================================================================================
cv_scores list:  [0.2        0.2        0.4        0.25       0.75       0.75
 0.5        0.25       0.66666667 0.33333333]
cv_scores mean: 0.43
--------------------------------------------------------------------------------
Using random_forest model to train and predict the data
================================================================================
cv_scores list:  [0.2        0.4        0.2        0.25       0.5        0.5
 0.75       0.         0.33333333 0.33333333]
cv_scores mean: 0.3466666666666667
--------------------------------------------------------------------------------
Using logistic_regression model to train and predict the data
================================================================================
cv_scores list:  [0.8        0.6        0.4        0.5        0.5        0.25
 0.5        0.5        0.66666667 0.33333333]
cv_scores mean: 0.505
--------------------------------------------------------------------------------
Using k_nearest_neighbors model to train and predict the data
================================================================================
cv_scores list:  [0.2        0.2        0.6        1.         0.5        0.75
 1.         0.75       0.         0.66666667]
cv_scores mean: 0.5666666666666667
--------------------------------------------------------------------------------
Using decision_tree model to train and predict the data
================================================================================
cv_scores list:  [0.8  0.4  0.   0.25 1.   0.25 0.5  0.   0.   0.  ]
cv_scores mean: 0.32
--------------------------------------------------------------------------------
Testing these models:  ['navie_bayes', 'random_forest', 'logistic_regression', 'k_nearest_neighbors', 'decision_tree']
Using ensemble techniques to predict the stock price movement.
********************************************************************************
cv_scores list:  [0.45, 0.55, 0.55, 0.5, 0.5, 0.5, 0.5, 0.65, 0.5, 0.65]
cv_scores mean: 0.55000000000000006
--------------------------------------------------------------------------------
