Testing these models:  ['svm', 'navie_bayes', 'random_forest', 'logistic_regression', 'k_nearest_neighbors', 'decision_tree']
******************************************************************************************
Using svm model to train and predict the data
================================================================================
testing epoch  1
Classification report for classifier svm:
             precision    recall  f1-score   support

         -1       0.67      1.00      0.80         6
          1       0.00      0.00      0.00         3

avg / total       0.44      0.67      0.53         9


model accuracy:  0.6666666666666666
--------------------------------------------------------------------------------
================================================================================
testing epoch  2
Classification report for classifier svm:
             precision    recall  f1-score   support

         -1       0.67      1.00      0.80         6
          1       0.00      0.00      0.00         3

avg / total       0.44      0.67      0.53         9


model accuracy:  0.6666666666666666
--------------------------------------------------------------------------------
================================================================================
testing epoch  3
Classification report for classifier svm:
             precision    recall  f1-score   support

         -1       0.67      1.00      0.80         6
          1       0.00      0.00      0.00         3

avg / total       0.44      0.67      0.53         9


model accuracy:  0.6666666666666666
--------------------------------------------------------------------------------
Using navie_bayes model to train and predict the data
================================================================================
testing epoch  1
Classification report for classifier navie_bayes:
             precision    recall  f1-score   support

         -1       0.00      0.00      0.00         6
          1       0.33      1.00      0.50         3

avg / total       0.11      0.33      0.17         9


model accuracy:  0.3333333333333333
--------------------------------------------------------------------------------
================================================================================
testing epoch  2
Classification report for classifier navie_bayes:
             precision    recall  f1-score   support

         -1       0.00      0.00      0.00         6
          1       0.33      1.00      0.50         3

avg / total       0.11      0.33      0.17         9


model accuracy:  0.3333333333333333
--------------------------------------------------------------------------------
================================================================================
testing epoch  3
Classification report for classifier navie_bayes:
             precision    recall  f1-score   support

         -1       0.00      0.00      0.00         6
          1       0.33      1.00      0.50         3

avg / total       0.11      0.33      0.17         9


model accuracy:  0.3333333333333333
--------------------------------------------------------------------------------
Using random_forest model to train and predict the data
================================================================================
testing epoch  1
Classification report for classifier random_forest:
             precision    recall  f1-score   support

         -1       0.75      0.50      0.60         6
          1       0.40      0.67      0.50         3

avg / total       0.63      0.56      0.57         9


model accuracy:  0.5555555555555556
--------------------------------------------------------------------------------
================================================================================
testing epoch  2
Classification report for classifier random_forest:
             precision    recall  f1-score   support

         -1       0.75      0.50      0.60         6
          1       0.40      0.67      0.50         3

avg / total       0.63      0.56      0.57         9


model accuracy:  0.5555555555555556
--------------------------------------------------------------------------------
================================================================================
testing epoch  3
Classification report for classifier random_forest:
             precision    recall  f1-score   support

         -1       0.67      0.33      0.44         6
          1       0.33      0.67      0.44         3

avg / total       0.56      0.44      0.44         9


model accuracy:  0.4444444444444444
--------------------------------------------------------------------------------
Using logistic_regression model to train and predict the data
================================================================================
testing epoch  1
Classification report for classifier logistic_regression:
             precision    recall  f1-score   support

         -1       1.00      0.17      0.29         6
          1       0.38      1.00      0.55         3

avg / total       0.79      0.44      0.37         9


model accuracy:  0.4444444444444444
--------------------------------------------------------------------------------
================================================================================
testing epoch  2
Classification report for classifier logistic_regression:
             precision    recall  f1-score   support

         -1       1.00      0.17      0.29         6
          1       0.38      1.00      0.55         3

avg / total       0.79      0.44      0.37         9


model accuracy:  0.4444444444444444
--------------------------------------------------------------------------------
================================================================================
testing epoch  3
Classification report for classifier logistic_regression:
             precision    recall  f1-score   support

         -1       1.00      0.17      0.29         6
          1       0.38      1.00      0.55         3

avg / total       0.79      0.44      0.37         9


model accuracy:  0.4444444444444444
--------------------------------------------------------------------------------
Using k_nearest_neighbors model to train and predict the data
================================================================================
testing epoch  1
Classification report for classifier k_nearest_neighbors:
             precision    recall  f1-score   support

         -1       1.00      0.33      0.50         6
          1       0.43      1.00      0.60         3

avg / total       0.81      0.56      0.53         9


model accuracy:  0.5555555555555556
--------------------------------------------------------------------------------
================================================================================
testing epoch  2
Classification report for classifier k_nearest_neighbors:
             precision    recall  f1-score   support

         -1       1.00      0.33      0.50         6
          1       0.43      1.00      0.60         3

avg / total       0.81      0.56      0.53         9


model accuracy:  0.5555555555555556
--------------------------------------------------------------------------------
================================================================================
testing epoch  3
Classification report for classifier k_nearest_neighbors:
             precision    recall  f1-score   support

         -1       1.00      0.33      0.50         6
          1       0.43      1.00      0.60         3

avg / total       0.81      0.56      0.53         9


model accuracy:  0.5555555555555556
--------------------------------------------------------------------------------
Using decision_tree model to train and predict the data
================================================================================
testing epoch  1
Classification report for classifier decision_tree:
             precision    recall  f1-score   support

         -1       0.60      0.50      0.55         6
          1       0.25      0.33      0.29         3

avg / total       0.48      0.44      0.46         9


model accuracy:  0.4444444444444444
--------------------------------------------------------------------------------
================================================================================
testing epoch  2
Classification report for classifier decision_tree:
             precision    recall  f1-score   support

         -1       0.50      0.33      0.40         6
          1       0.20      0.33      0.25         3

avg / total       0.40      0.33      0.35         9


model accuracy:  0.3333333333333333
--------------------------------------------------------------------------------
================================================================================
testing epoch  3
Classification report for classifier decision_tree:
             precision    recall  f1-score   support

         -1       0.67      0.33      0.44         6
          1       0.33      0.67      0.44         3

avg / total       0.56      0.44      0.44         9


model accuracy:  0.4444444444444444
--------------------------------------------------------------------------------
Testing these models:  ['navie_bayes', 'random_forest', 'logistic_regression', 'k_nearest_neighbors', 'decision_tree']
Using ensemble techniques to predict the stock price movement.
******************************************************************************************
ensemble epoch  1
================================================================================
Classification report for classifier ensemble test accuracy: :
             precision    recall  f1-score   support

         -1       1.00      0.17      0.29         6
          1       0.38      1.00      0.55         3

avg / total       0.79      0.44      0.37         9


model accuracy:  0.4444444444444444
--------------------------------------------------------------------------------
ensemble epoch  2
================================================================================
Classification report for classifier ensemble test accuracy: :
             precision    recall  f1-score   support

         -1       1.00      0.17      0.29         6
          1       0.38      1.00      0.55         3

avg / total       0.79      0.44      0.37         9


model accuracy:  0.4444444444444444
--------------------------------------------------------------------------------
ensemble epoch  3
================================================================================
Classification report for classifier ensemble test accuracy: :
             precision    recall  f1-score   support

         -1       1.00      0.17      0.29         6
          1       0.38      1.00      0.55         3

avg / total       0.79      0.44      0.37         9


model accuracy:  0.4444444444444444
--------------------------------------------------------------------------------
Testing these models:  ['svm', 'navie_bayes', 'random_forest', 'logistic_regression', 'k_nearest_neighbors', 'decision_tree']
Using k-Fold Cross-Validation techniques to predict the stock price movement.

********************************************************************************
Using svm model to train and predict the data
================================================================================
cv_scores list:  [0.6        0.6        0.5        0.5        0.5        0.5
 0.5        0.5        0.5        0.66666667]
cv_scores mean: 0.5366666666666667
--------------------------------------------------------------------------------
Using navie_bayes model to train and predict the data
================================================================================
cv_scores list:  [0.4        0.6        0.5        0.25       0.5        0.75
 0.75       0.5        0.5        0.33333333]
cv_scores mean: 0.5083333333333333
--------------------------------------------------------------------------------
Using random_forest model to train and predict the data
================================================================================
cv_scores list:  [0.4        0.8        0.75       0.5        0.5        0.75
 0.75       0.5        0.5        0.66666667]
cv_scores mean: 0.6116666666666667
--------------------------------------------------------------------------------
Using logistic_regression model to train and predict the data
================================================================================
cv_scores list:  [0.4        0.6        0.75       0.5        0.25       0.5
 0.75       0.75       0.25       0.66666667]
cv_scores mean: 0.5416666666666667
--------------------------------------------------------------------------------
Using k_nearest_neighbors model to train and predict the data
================================================================================
cv_scores list:  [0.2  0.2  0.5  0.25 0.5  0.5  0.25 1.   0.25 1.  ]
cv_scores mean: 0.465
--------------------------------------------------------------------------------
Using decision_tree model to train and predict the data
================================================================================
cv_scores list:  [0.6        0.6        0.75       0.5        0.75       1.
 0.5        0.5        0.5        0.33333333]
cv_scores mean: 0.6033333333333333
--------------------------------------------------------------------------------
Testing these models:  ['navie_bayes', 'random_forest', 'logistic_regression', 'k_nearest_neighbors', 'decision_tree']
Using ensemble techniques to predict the stock price movement.
********************************************************************************
cv_scores list:  [0.4, 0.5, 0.5, 0.75, 0.5, 0.5, 0.5, 0.75, 0.0, 0.5]
cv_scores mean: 0.51000000000000005
--------------------------------------------------------------------------------
